[1mdiff --git a/.gitattributes b/.gitattributes[m
[1mindex 176a458..e69de29 100644[m
[1m--- a/.gitattributes[m
[1m+++ b/.gitattributes[m
[36m@@ -1 +0,0 @@[m
[31m-* text=auto[m
[1mdiff --git a/.idea/.gitignore b/.idea/.gitignore[m
[1mdeleted file mode 100644[m
[1mindex 13566b8..0000000[m
[1m--- a/.idea/.gitignore[m
[1m+++ /dev/null[m
[36m@@ -1,8 +0,0 @@[m
[31m-# Default ignored files[m
[31m-/shelf/[m
[31m-/workspace.xml[m
[31m-# Editor-based HTTP Client requests[m
[31m-/httpRequests/[m
[31m-# Datasource local storage ignored files[m
[31m-/dataSources/[m
[31m-/dataSources.local.xml[m
[1mdiff --git a/.idea/JC2002-Java-Programming---Game.iml b/.idea/JC2002-Java-Programming---Game.iml[m
[1mdeleted file mode 100644[m
[1mindex d6ebd48..0000000[m
[1m--- a/.idea/JC2002-Java-Programming---Game.iml[m
[1m+++ /dev/null[m
[36m@@ -1,9 +0,0 @@[m
[31m-<?xml version="1.0" encoding="UTF-8"?>[m
[31m-<module type="JAVA_MODULE" version="4">[m
[31m-  <component name="NewModuleRootManager" inherit-compiler-output="true">[m
[31m-    <exclude-output />[m
[31m-    <content url="file://$MODULE_DIR$" />[m
[31m-    <orderEntry type="inheritedJdk" />[m
[31m-    <orderEntry type="sourceFolder" forTests="false" />[m
[31m-  </component>[m
[31m-</module>[m
\ No newline at end of file[m
[1mdiff --git a/.idea/misc.xml b/.idea/misc.xml[m
[1mdeleted file mode 100644[m
[1mindex 20f033c..0000000[m
[1m--- a/.idea/misc.xml[m
[1m+++ /dev/null[m
[36m@@ -1,6 +0,0 @@[m
[31m-<?xml version="1.0" encoding="UTF-8"?>[m
[31m-<project version="4">[m
[31m-  <component name="ProjectRootManager" version="2" project-jdk-name="21" project-jdk-type="JavaSDK">[m
[31m-    <output url="file://$PROJECT_DIR$/out" />[m
[31m-  </component>[m
[31m-</project>[m
\ No newline at end of file[m
[1mdiff --git a/.idea/modules.xml b/.idea/modules.xml[m
[1mdeleted file mode 100644[m
[1mindex b2b9641..0000000[m
[1m--- a/.idea/modules.xml[m
[1m+++ /dev/null[m
[36m@@ -1,8 +0,0 @@[m
[31m-<?xml version="1.0" encoding="UTF-8"?>[m
[31m-<project version="4">[m
[31m-  <component name="ProjectModuleManager">[m
[31m-    <modules>[m
[31m-      <module fileurl="file://$PROJECT_DIR$/.idea/JC2002-Java-Programming---Game.iml" filepath="$PROJECT_DIR$/.idea/JC2002-Java-Programming---Game.iml" />[m
[31m-    </modules>[m
[31m-  </component>[m
[31m-</project>[m
\ No newline at end of file[m
[1mdiff --git a/.idea/vcs.xml b/.idea/vcs.xml[m
[1mdeleted file mode 100644[m
[1mindex 35eb1dd..0000000[m
[1m--- a/.idea/vcs.xml[m
[1m+++ /dev/null[m
[36m@@ -1,6 +0,0 @@[m
[31m-<?xml version="1.0" encoding="UTF-8"?>[m
[31m-<project version="4">[m
[31m-  <component name="VcsDirectoryMappings">[m
[31m-    <mapping directory="" vcs="Git" />[m
[31m-  </component>[m
[31m-</project>[m
\ No newline at end of file[m
[1mdiff --git a/assignment/.idea/.gitignore b/assignment/.idea/.gitignore[m
[1mdeleted file mode 100644[m
[1mindex 13566b8..0000000[m
[1m--- a/assignment/.idea/.gitignore[m
[1m+++ /dev/null[m
[36m@@ -1,8 +0,0 @@[m
[31m-# Default ignored files[m
[31m-/shelf/[m
[31m-/workspace.xml[m
[31m-# Editor-based HTTP Client requests[m
[31m-/httpRequests/[m
[31m-# Datasource local storage ignored files[m
[31m-/dataSources/[m
[31m-/dataSources.local.xml[m
[1mdiff --git a/assignment/.idea/compiler.xml b/assignment/.idea/compiler.xml[m
[1mdeleted file mode 100644[m
[1mindex 6928f08..0000000[m
[1m--- a/assignment/.idea/compiler.xml[m
[1m+++ /dev/null[m
[36m@@ -1,13 +0,0 @@[m
[31m-<?xml version="1.0" encoding="UTF-8"?>[m
[31m-<project version="4">[m
[31m-  <component name="CompilerConfiguration">[m
[31m-    <annotationProcessing>[m
[31m-      <profile name="Maven default annotation processors profile" enabled="true">[m
[31m-        <sourceOutputDir name="target/generated-sources/annotations" />[m
[31m-        <sourceTestOutputDir name="target/generated-test-sources/test-annotations" />[m
[31m-        <outputRelativeToContentRoot value="true" />[m
[31m-        <module name="assignment" />[m
[31m-      </profile>[m
[31m-    </annotationProcessing>[m
[31m-  </component>[m
[31m-</project>[m
\ No newline at end of file[m
[1mdiff --git a/assignment/.idea/encodings.xml b/assignment/.idea/encodings.xml[m
[1mdeleted file mode 100644[m
[1mindex aa00ffa..0000000[m
[1m--- a/assignment/.idea/encodings.xml[m
[1m+++ /dev/null[m
[36m@@ -1,7 +0,0 @@[m
[31m-<?xml version="1.0" encoding="UTF-8"?>[m
[31m-<project version="4">[m
[31m-  <component name="Encoding">[m
[31m-    <file url="file://$PROJECT_DIR$/src/main/java" charset="UTF-8" />[m
[31m-    <file url="file://$PROJECT_DIR$/src/main/resources" charset="UTF-8" />[m
[31m-  </component>[m
[31m-</project>[m
\ No newline at end of file[m
[1mdiff --git a/assignment/.idea/jarRepositories.xml b/assignment/.idea/jarRepositories.xml[m
[1mdeleted file mode 100644[m
[1mindex 712ab9d..0000000[m
[1m--- a/assignment/.idea/jarRepositories.xml[m
[1m+++ /dev/null[m
[36m@@ -1,20 +0,0 @@[m
[31m-<?xml version="1.0" encoding="UTF-8"?>[m
[31m-<project version="4">[m
[31m-  <component name="RemoteRepositoriesConfiguration">[m
[31m-    <remote-repository>[m
[31m-      <option name="id" value="central" />[m
[31m-      <option name="name" value="Central Repository" />[m
[31m-      <option name="url" value="https://repo.maven.apache.org/maven2" />[m
[31m-    </remote-repository>[m
[31m-    <remote-repository>[m
[31m-      <option name="id" value="central" />[m
[31m-      <option name="name" value="Maven Central repository" />[m
[31m-      <option name="url" value="https://repo1.maven.org/maven2" />[m
[31m-    </remote-repository>[m
[31m-    <remote-repository>[m
[31m-      <option name="id" value="jboss.community" />[m
[31m-      <option name="name" value="JBoss Community repository" />[m
[31m-      <option name="url" value="https://repository.jboss.org/nexus/content/repositories/public/" />[m
[31m-    </remote-repository>[m
[31m-  </component>[m
[31m-</project>[m
\ No newline at end of file[m
[1mdiff --git a/assignment/.idea/misc.xml b/assignment/.idea/misc.xml[m
[1mdeleted file mode 100644[m
[1mindex 9dc782b..0000000[m
[1m--- a/assignment/.idea/misc.xml[m
[1m+++ /dev/null[m
[36m@@ -1,12 +0,0 @@[m
[31m-<?xml version="1.0" encoding="UTF-8"?>[m
[31m-<project version="4">[m
[31m-  <component name="ExternalStorageConfigurationManager" enabled="true" />[m
[31m-  <component name="MavenProjectsManager">[m
[31m-    <option name="originalFiles">[m
[31m-      <list>[m
[31m-        <option value="$PROJECT_DIR$/pom.xml" />[m
[31m-      </list>[m
[31m-    </option>[m
[31m-  </component>[m
[31m-  <component name="ProjectRootManager" version="2" languageLevel="JDK_21" default="true" project-jdk-name="21" project-jdk-type="JavaSDK" />[m
[31m-</project>[m
\ No newline at end of file[m
[1mdiff --git a/assignment/.idea/vcs.xml b/assignment/.idea/vcs.xml[m
[1mdeleted file mode 100644[m
[1mindex 6c0b863..0000000[m
[1m--- a/assignment/.idea/vcs.xml[m
[1m+++ /dev/null[m
[36m@@ -1,6 +0,0 @@[m
[31m-<?xml version="1.0" encoding="UTF-8"?>[m
[31m-<project version="4">[m
[31m-  <component name="VcsDirectoryMappings">[m
[31m-    <mapping directory="$PROJECT_DIR$/.." vcs="Git" />[m
[31m-  </component>[m
[31m-</project>[m
\ No newline at end of file[m
[1mdiff --git a/assignment/src/main/java/uoa/assignment/character/GameCharacter.java b/assignment/src/main/java/uoa/assignment/character/GameCharacter.java[m
[1mindex 4bf970d..b277725 100644[m
[1m--- a/assignment/src/main/java/uoa/assignment/character/GameCharacter.java[m
[1m+++ b/assignment/src/main/java/uoa/assignment/character/GameCharacter.java[m
[36m@@ -8,8 +8,8 @@[m [mpublic abstract class GameCharacter {[m
 	[m
 	public int row;[m
 	public int column;[m
[31m-[m
[31m-[m
[32m+[m[41m	[m
[32m+[m[41m	[m
 	public GameCharacter (String name) {[m
 		this.name = name;[m
 	}[m
[36m@@ -17,7 +17,8 @@[m [mpublic abstract class GameCharacter {[m
 	public abstract void hurtCharacter (GameCharacter character);[m
 	[m
 	public abstract boolean successfulDefense ();[m
[31m-[m
[32m+[m[41m	[m
[32m+[m[41m	[m
 	public String sayName() {[m
 	return name; [m
 	}[m
[1mdiff --git a/assignment/src/main/java/uoa/assignment/character/Monster.java b/assignment/src/main/java/uoa/assignment/character/Monster.java[m
[1mindex 118a9e9..ffc9874 100644[m
[1m--- a/assignment/src/main/java/uoa/assignment/character/Monster.java[m
[1m+++ b/assignment/src/main/java/uoa/assignment/character/Monster.java[m
[36m@@ -8,26 +8,29 @@[m [mpublic class Monster extends GameCharacter {[m
 		super(name);[m
 	}[m
 [m
[31m-	@Override[m
[32m+[m
 	public void hurtCharacter(GameCharacter character) {[m
[31m-		int healthValue = character.getHealth();[m
[31m-		if (!character.successfulDefense()) {[m
[31m-			healthValue -= 20;[m
[31m-			character.setHealth(healthValue);[m
[31m-		}[m
[32m+[m[41m		[m
 	}[m
 [m
[31m-	@Override[m
[32m+[m[41m	[m
 	public boolean successfulDefense() {[m
 		Random random = new Random();[m
[31m-		boolean defenseResult = random.nextBoolean();[m
[31m-		return defenseResult;[m
[31m-[m
[32m+[m[32m        boolean defenseResult = random.nextBoolean();[m
[32m+[m[32m        if (defenseResult == false) {[m
[32m+[m[32m            int healthValue = getHealth();[m
[32m+[m[32m            healthValue = healthValue - 20;[m
[32m+[m[32m            setHealth(healthValue);[m
[32m+[m[32m            return false;[m
[32m+[m[32m        } else {[m
[32m+[m[32m            return true;[m
[32m+[m[32m        }[m
 	}[m
 [m
 [m
[32m+[m[41m	[m
 	public String decideMove () {[m
 		return "move";[m
 	}[m
 [m
[31m-}[m
\ No newline at end of file[m
[32m+[m[32m}[m
[1mdiff --git a/assignment/src/main/java/uoa/assignment/character/Player.java b/assignment/src/main/java/uoa/assignment/character/Player.java[m
[1mindex feeefbe..d2a8a33 100644[m
[1m--- a/assignment/src/main/java/uoa/assignment/character/Player.java[m
[1m+++ b/assignment/src/main/java/uoa/assignment/character/Player.java[m
[36m@@ -8,21 +8,14 @@[m [mpublic class Player extends GameCharacter{[m
 		super(name);[m
 	}[m
 [m
[31m-	@Override[m
[32m+[m[41m	[m
 	public void hurtCharacter(GameCharacter character) {[m
[31m-		if (!character.successfulDefense()) {[m
[31m-			int healthValue = character.getHealth();[m
[31m-			healthValue = healthValue - 50;[m
[31m-			character.setHealth(healthValue);[m
[31m-		}[m
[32m+[m[41m		[m
 	}[m
 [m
[31m-	@Override[m
[32m+[m[41m	[m
 	public boolean successfulDefense() {[m
[31m-		Random random = new Random();[m
[31m-		float successProbability = 0.3f;[m
[31m-		boolean defenseResult = random.nextFloat() < successProbability;[m
[31m-		return defenseResult;[m
[31m-[m
[32m+[m		[32mreturn true;[m
 	}[m
[31m-}[m
\ No newline at end of file[m
[32m+[m
[32m+[m[32m}[m
[1mdiff --git a/assignment/src/main/java/uoa/assignment/game/Map.java b/assignment/src/main/java/uoa/assignment/game/Map.java[m
[1mindex 80ce13b..5fb6b7f 100644[m
[1m--- a/assignment/src/main/java/uoa/assignment/game/Map.java[m
[1m+++ b/assignment/src/main/java/uoa/assignment/game/Map.java[m
[36m@@ -6,62 +6,14 @@[m [mimport uoa.assignment.character.Player;[m
 [m
 public class Map {[m
 [m
[31m-    public String [][] layout;[m
[31m-    public GameCharacter characters [] = new GameCharacter[4];[m
[31m-[m
[31m-[m
[31m-[m
[31m-    public int height;[m
[31m-    public int width;[m
[31m-[m
[31m-[m
[31m-    Map (int height, int width) {[m
[31m-        // åˆ›å»ºåœ°å›¾å¤§å°[m
[31m-        this.height = height;[m
[31m-        this.width = width;[m
[31m-        layout = new String[height][width];[m
[31m-[m
[31m-        // åˆå§‹åŒ–åœ°å›¾[m
[31m-        initialiseArray();[m
[31m-[m
[31m-        // å®šä¹‰çŽ©å®¶æ€ªç‰©çš„ä½ç½®[m
[31m-        characters[0] = new Player("player");[m
[31m-        characters[0].row = height - 1;  // å³ä¸‹è§’[m
[31m-        characters[0].column = width - 1;[m
[31m-[m
[31m-        characters[1] = new Monster("monster1");[m
[31m-        characters[1].row = 0;  // å³ä¸Šè§’[m
[31m-        characters[1].column = width - 1;[m
[31m-[m
[31m-        characters[2] = new Monster("monster2");[m
[31m-        characters[2].row = height - 1;  // å·¦ä¸‹è§’[m
[31m-        characters[2].column = 0;[m
[31m-[m
[31m-        characters[3] = new Monster("monster3");[m
[31m-        characters[3].row = 0;  // å·¦ä¸Šè§’[m
[31m-        characters[3].column = 0;[m
[31m-[m
[31m-        // ä¿®æ”¹çŽ©å®¶æ€ªç‰©ç¬¦å·[m
[31m-        layout[characters[0].row][characters[0].column] = "*";[m
[31m-        layout[characters[1].row][characters[1].column] = "%";[m
[31m-        layout[characters[2].row][characters[2].column] = "%";[m
[31m-        layout[characters[3].row][characters[3].column] = "%";[m
[31m-    }[m
[31m-[m
[31m-    private void initialiseArray() {[m
[31m-        for (int x = 0; x < this.height; x++) {[m
[31m-            for (int y = 0; y < this.width; y++) {[m
[31m-                layout[x][y]=".";[m
[31m-            }[m
[31m-        }[m
[31m-    }[m
[31m-[m
[31m-    public void printLayout() {[m
[31m-        for (int x = 0; x < this.height; x++) {[m
[31m-            for (int y = 0; y < this.width; y++) {[m
[31m-                System.out.print(layout[x][y] + "");[m
[31m-            }[m
[31m-            System.out.println();[m
[31m-        }[m
[31m-    }[m
[31m-}[m
\ No newline at end of file[m
[32m+[m[32mpublic String [][] layout;[m
[32m+[m[32mpublic GameCharacter characters [] ;[m
[32m+[m[41m [m
[32m+[m[32m  Map (int height, int width) {[m
[32m+[m[41m	 [m
[32m+[m[32m  }[m
[32m+[m[41m [m
[32m+[m[32m  public void printLayout() {[m
[32m+[m[41m	[m
[32m+[m[32m   }[m
[32m+[m[32m}[m
[1mdiff --git a/assignment/src/test/java/uoa/assignment/character/CharacterTests.java b/assignment/src/test/java/uoa/assignment/character/CharacterTests.java[m
[1mindex d6933f9..6ef21e6 100644[m
[1m--- a/assignment/src/test/java/uoa/assignment/character/CharacterTests.java[m
[1m+++ b/assignment/src/test/java/uoa/assignment/character/CharacterTests.java[m
[36m@@ -63,7 +63,7 @@[m [mpublic class CharacterTests[m
     /**[m
      * Task 1.3[m
      */[m
[31m-    @Test[m
[32m+[m[32m    /*@Test[m
     public void checkHealthFunctionality()[m
     {[m
        class TestImplementation extends GameCharacter {[m
[36m@@ -85,12 +85,12 @@[m [mpublic class CharacterTests[m
     } catch (Exception | Error e) {[m
         fail(ANSI_WHITE_BACKGROUND +ANSI_BLACK+"Make sure the class GameCharacter contains methods getHealth()and setHealth() as per T1.3 "+ ANSI_RESET+ e);[m
     }[m
[31m-    }[m
[32m+[m[32m    }*/[m
     [m
     /**[m
      * Task 1.4 a)[m
      */[m
[31m-    @Test[m
[32m+[m[32m    /*@Test[m
     public void checkMonsterClassSuccesfulAttack()[m
     {[m
        class TestImplementation extends GameCharacter {[m
[36m@@ -118,12 +118,12 @@[m [mpublic class CharacterTests[m
     } catch (Exception | Error e) {[m
         fail(ANSI_WHITE_BACKGROUND +ANSI_BLACK+"Make sure the class Monster implements method hurtCharacter() as per T1.4 and all previous tasks have been completed."+ ANSI_RESET+ e);[m
     }[m
[31m-    }[m
[32m+[m[32m    }*/[m
     [m
     /**[m
      * Task 1.4 b)[m
      */[m
[31m-    @Test[m
[32m+[m[32m    /*@Test[m
     public void checkMonsterClassFailedfulAttack()[m
     {[m
        class TestImplementation extends GameCharacter {[m
[36m@@ -151,12 +151,12 @@[m [mpublic class CharacterTests[m
     } catch (Exception | Error e) {[m
         fail(ANSI_WHITE_BACKGROUND +ANSI_BLACK+"Make sure the class Monster implements method hurtCharacter() as per T1.4 and all previous tasks have been completed."+ ANSI_RESET+ e);[m
     }[m
[31m-    }[m
[32m+[m[32m    }*/[m
     [m
     /**[m
      * Task 1.4 c)[m
      */[m
[31m-    @Test[m
[32m+[m[32m    /*@Test[m
     public void checkIfMonsterDefenceLooksRandom()[m
     {[m
        [m
[36m@@ -183,12 +183,12 @@[m [mpublic class CharacterTests[m
     } catch (Exception | Error e) {[m
         fail(ANSI_WHITE_BACKGROUND +ANSI_BLACK+"Make sure the class Monster implements method hurtCharacter() as per T1.4 and all previous tasks have been completed."+ ANSI_RESET+ e);[m
     }[m
[31m-    }[m
[32m+[m[32m    }*/[m
     [m
     /**[m
      * Task 1.5 a)[m
      */[m
[31m-    @Test[m
[32m+[m[32m    /*@Test[m
     public void checkPlayerClassSuccesfulAttack()[m
     {[m
        class TestImplementation extends GameCharacter {[m
[36m@@ -216,7 +216,7 @@[m [mpublic class CharacterTests[m
     } catch (Exception | Error e) {[m
         fail(ANSI_WHITE_BACKGROUND +ANSI_BLACK+"Make sure the class Monster implements method hurtCharacter() as per T1.4 and all previous tasks have been completed."+ ANSI_RESET+ e);[m
     }[m
[31m-    }[m
[32m+[m[32m    }*/[m
     [m
     /**[m
      * Task 1.4 b)[m
[1mdiff --git a/assignment/src/test/java/uoa/assignment/game/GameTests.java b/assignment/src/test/java/uoa/assignment/game/GameTests.java[m
[1mindex 6a166f3..11c0338 100644[m
[1m--- a/assignment/src/test/java/uoa/assignment/game/GameTests.java[m
[1m+++ b/assignment/src/test/java/uoa/assignment/game/GameTests.java[m
[36m@@ -55,7 +55,7 @@[m [mpublic class GameTests[m
      /**[m
      * Task 2.1 b)[m
      */[m
[31m-    @Test[m
[32m+[m[32m    /*@Test[m
     public void checkCharactersArray()[m
     {[m
        try {[m
[36m@@ -73,13 +73,13 @@[m [mpublic class GameTests[m
         fail(ANSI_WHITE_BACKGROUND +ANSI_BLACK+ "Did you create a constructor for the Map class? Is the characters array public and of size 4? Did you create teh 2D array layot as specified? Check Task 2.1"+ ANSI_RESET+ e);[m
     }[m
       [m
[31m-    }[m
[32m+[m[32m    }*/[m
     [m
    [m
  /**[m
      * Task 2.2 [m
      */[m
[31m-    @Test[m
[32m+[m[32m    /*@Test[m
     public void checkLayoutInitialization()[m
     {[m
        try {[m
[36m@@ -115,14 +115,14 @@[m [mpublic class GameTests[m
     } catch (Exception | Error e) {[m
         fail(ANSI_WHITE_BACKGROUND +ANSI_BLACK+ "Something is not right with the layout variable. Are you populating teh empty fields with '.'? Check Task 2.2" + ANSI_RESET+ e);[m
     }[m
[31m-    }[m
[32m+[m[32m    }*/[m
     [m
     [m
     /**[m
      * Task 2.3 [m
      */[m
    [m
[31m-    @Test[m
[32m+[m[32m    /*@Test[m
     public void checkPlayerAndMonsterPosition()[m
     {[m
        try {[m
[36m@@ -144,13 +144,13 @@[m [mpublic class GameTests[m
     } catch (Exception | Error e) {[m
         fail(ANSI_WHITE_BACKGROUND +ANSI_BLACK+ "Something is not right with initialising players and monsters.  Check Task 2.4" + ANSI_RESET + e);[m
     }[m
[31m-    }[m
[32m+[m[32m    }*/[m
    [m
     /**[m
      * Task 2.4 [m
      */[m
    [m
[31m-    @Test[m
[32m+[m[32m    /*@Test[m
     public void checkPlayerAndMonsterPositionInLayout()[m
     {[m
        try {[m
[36m@@ -189,7 +189,7 @@[m [mpublic class GameTests[m
     } catch (Exception | Error e) {[m
         fail(ANSI_WHITE_BACKGROUND +ANSI_BLACK+ "Something is not right.  Check Task 2.5" + ANSI_RESET + e);[m
     }[m
[31m-    }[m
[32m+[m[32m    }*/[m
     [m
     [m
   /**[m
[1mdiff --git a/assignment/target/classes/uoa/assignment/character/GameCharacter.class b/assignment/target/classes/uoa/assignment/character/GameCharacter.class[m
[1mindex 13235be..befb728 100644[m
Binary files a/assignment/target/classes/uoa/assignment/character/GameCharacter.class and b/assignment/target/classes/uoa/assignment/character/GameCharacter.class differ
[1mdiff --git a/assignment/target/classes/uoa/assignment/character/Monster.class b/assignment/target/classes/uoa/assignment/character/Monster.class[m
[1mindex 2826b20..b2333d5 100644[m
Binary files a/assignment/target/classes/uoa/assignment/character/Monster.class and b/assignment/target/classes/uoa/assignment/character/Monster.class differ
[1mdiff --git a/assignment/target/classes/uoa/assignment/character/Player.class b/assignment/target/classes/uoa/assignment/character/Player.class[m
[1mindex 4ebe740..4bbc006 100644[m
Binary files a/assignment/target/classes/uoa/assignment/character/Player.class and b/assignment/target/classes/uoa/assignment/character/Player.class differ
[1mdiff --git a/assignment/target/classes/uoa/assignment/game/Game.class b/assignment/target/classes/uoa/assignment/game/Game.class[m
[1mindex ea14fd7..8607e2b 100644[m
Binary files a/assignment/target/classes/uoa/assignment/game/Game.class and b/assignment/target/classes/uoa/assignment/game/Game.class differ
[1mdiff --git a/assignment/target/classes/uoa/assignment/game/GameLogic.class b/assignment/target/classes/uoa/assignment/game/GameLogic.class[m
[1mindex 6dbd595..950fa8e 100644[m
Binary files a/assignment/target/classes/uoa/assignment/game/GameLogic.class and b/assignment/target/classes/uoa/assignment/game/GameLogic.class differ
[1mdiff --git a/assignment/target/classes/uoa/assignment/game/Map.class b/assignment/target/classes/uoa/assignment/game/Map.class[m
[1mindex a28280e..85fcf48 100644[m
Binary files a/assignment/target/classes/uoa/assignment/game/Map.class and b/assignment/target/classes/uoa/assignment/game/Map.class differ
[1mdiff --git a/assignment/target/classes/uoa/assignment/game/RunGame.class b/assignment/target/classes/uoa/assignment/game/RunGame.class[m
[1mindex a022c74..1afed0e 100644[m
Binary files a/assignment/target/classes/uoa/assignment/game/RunGame.class and b/assignment/target/classes/uoa/assignment/game/RunGame.class differ
[1mdiff --git a/assignment/target/maven-status/maven-compiler-plugin/compile/default-compile/createdFiles.lst b/assignment/target/maven-status/maven-compiler-plugin/compile/default-compile/createdFiles.lst[m
[1mindex 6a0a4eb..a953bc1 100644[m
[1m--- a/assignment/target/maven-status/maven-compiler-plugin/compile/default-compile/createdFiles.lst[m
[1m+++ b/assignment/target/maven-status/maven-compiler-plugin/compile/default-compile/createdFiles.lst[m
[36m@@ -1,7 +1,7 @@[m
[31m-uoa\assignment\game\Game.class[m
[31m-uoa\assignment\character\GameCharacter.class[m
[31m-uoa\assignment\character\Player.class[m
[31m-uoa\assignment\game\Map.class[m
[31m-uoa\assignment\character\Monster.class[m
[31m-uoa\assignment\game\GameLogic.class[m
[31m-uoa\assignment\game\RunGame.class[m
[32m+[m[32muoa/assignment/game/Map.class[m
[32m+[m[32muoa/assignment/game/GameLogic.class[m
[32m+[m[32muoa/assignment/character/Monster.class[m
[32m+[m[32muoa/assignment/game/Game.class[m
[32m+[m[32muoa/assignment/game/RunGame.class[m
[32m+[m[32muoa/assignment/character/GameCharacter.class[m
[32m+[m[32muoa/assignment/character/Player.class[m
[1mdiff --git a/assignment/target/maven-status/maven-compiler-plugin/compile/default-compile/inputFiles.lst b/assignment/target/maven-status/maven-compiler-plugin/compile/default-compile/inputFiles.lst[m
[1mindex 8e5e550..bc6bbe0 100644[m
[1m--- a/assignment/target/maven-status/maven-compiler-plugin/compile/default-compile/inputFiles.lst[m
[1m+++ b/assignment/target/maven-status/maven-compiler-plugin/compile/default-compile/inputFiles.lst[m
[36m@@ -1,7 +1,7 @@[m
[31m-D:\Desktop\JC2002 â€“ Java Programming\JC2002-Java-Programming---Game\assignment\src\main\java\uoa\assignment\game\RunGame.java[m
[31m-D:\Desktop\JC2002 â€“ Java Programming\JC2002-Java-Programming---Game\assignment\src\main\java\uoa\assignment\character\Monster.java[m
[31m-D:\Desktop\JC2002 â€“ Java Programming\JC2002-Java-Programming---Game\assignment\src\main\java\uoa\assignment\character\Player.java[m
[31m-D:\Desktop\JC2002 â€“ Java Programming\JC2002-Java-Programming---Game\assignment\src\main\java\uoa\assignment\character\GameCharacter.java[m
[31m-D:\Desktop\JC2002 â€“ Java Programming\JC2002-Java-Programming---Game\assignment\src\main\java\uoa\assignment\game\Map.java[m
[31m-D:\Desktop\JC2002 â€“ Java Programming\JC2002-Java-Programming---Game\assignment\src\main\java\uoa\assignment\game\Game.java[m
[31m-D:\Desktop\JC2002 â€“ Java Programming\JC2002-Java-Programming---Game\assignment\src\main\java\uoa\assignment\game\GameLogic.java[m
[32m+[m[32m/home/codio/workspace/assignment/src/main/java/uoa/assignment/game/Game.java[m
[32m+[m[32m/home/codio/workspace/assignment/src/main/java/uoa/assignment/character/GameCharacter.java[m
[32m+[m[32m/home/codio/workspace/assignment/src/main/java/uoa/assignment/game/RunGame.java[m
[32m+[m[32m/home/codio/workspace/assignment/src/main/java/uoa/assignment/game/Map.java[m
[32m+[m[32m/home/codio/workspace/assignment/src/main/java/uoa/assignment/character/Player.java[m
[32m+[m[32m/home/codio/workspace/assignment/src/main/java/uoa/assignment/game/GameLogic.java[m
[32m+[m[32m/home/codio/workspace/assignment/src/main/java/uoa/assignment/character/Monster.java[m
[1mdiff --git a/assignment/target/maven-status/maven-compiler-plugin/testCompile/default-testCompile/createdFiles.lst b/assignment/target/maven-status/maven-compiler-plugin/testCompile/default-testCompile/createdFiles.lst[m
[1mindex bc7eb9e..87e5853 100644[m
[1m--- a/assignment/target/maven-status/maven-compiler-plugin/testCompile/default-testCompile/createdFiles.lst[m
[1m+++ b/assignment/target/maven-status/maven-compiler-plugin/testCompile/default-testCompile/createdFiles.lst[m
[36m@@ -1,7 +1,3 @@[m
[31m-uoa\assignment\character\CharacterTests$5TestImplementation.class[m
[31m-uoa\assignment\character\CharacterTests$2TestImplementation.class[m
[31m-uoa\assignment\character\CharacterTests$3TestImplementation.class[m
[31m-uoa\assignment\character\CharacterTests.class[m
[31m-uoa\assignment\character\CharacterTests$1TestImplementation.class[m
[31m-uoa\assignment\character\CharacterTests$4TestImplementation.class[m
[31m-uoa\assignment\game\GameTests.class[m
[32m+[m[32muoa/assignment/character/CharacterTests.class[m
[32m+[m[32muoa/assignment/game/GameTests.class[m
[32m+[m[32muoa/assignment/character/CharacterTests$1TestImplementation.class[m
[1mdiff --git a/assignment/target/maven-status/maven-compiler-plugin/testCompile/default-testCompile/inputFiles.lst b/assignment/target/maven-status/maven-compiler-plugin/testCompile/default-testCompile/inputFiles.lst[m
[1mindex 397d64b..8332b59 100644[m
[1m--- a/assignment/target/maven-status/maven-compiler-plugin/testCompile/default-testCompile/inputFiles.lst[m
[1m+++ b/assignment/target/maven-status/maven-compiler-plugin/testCompile/default-testCompile/inputFiles.lst[m
[36m@@ -1,2 +1,2 @@[m
[31m-D:\Desktop\JC2002 â€“ Java Programming\JC2002-Java-Programming---Game\assignment\src\test\java\uoa\assignment\game\GameTests.java[m
[31m-D:\Desktop\JC2002 â€“ Java Programming\JC2002-Java-Programming---Game\assignment\src\test\java\uoa\assignment\character\CharacterTests.java[m
[32m+[m[32m/home/codio/workspace/assignment/src/test/java/uoa/assignment/game/GameTests.java[m
[32m+[m[32m/home/codio/workspace/assignment/src/test/java/uoa/assignment/character/CharacterTests.java[m
[1mdiff --git a/assignment/target/surefire-reports/TEST-uoa.assignment.character.CharacterTests.xml b/assignment/target/surefire-reports/TEST-uoa.assignment.character.CharacterTests.xml[m
[1mindex b61fdd4..cd43ad9 100644[m
[1m--- a/assignment/target/surefire-reports/TEST-uoa.assignment.character.CharacterTests.xml[m
[1m+++ b/assignment/target/surefire-reports/TEST-uoa.assignment.character.CharacterTests.xml[m
[36m@@ -1,67 +1,60 @@[m
 <?xml version="1.0" encoding="UTF-8"?>[m
[31m-<testsuite xmlns:xsi="http://www.w3.org/2001/XMLSchema-instance" xsi:noNamespaceSchemaLocation="https://maven.apache.org/surefire/maven-surefire-plugin/xsd/surefire-test-report.xsd" name="uoa.assignment.character.CharacterTests" time="0.06" tests="6" errors="0" skipped="0" failures="0">[m
[32m+[m[32m<testsuite xmlns:xsi="http://www.w3.org/2001/XMLSchema-instance" xsi:noNamespaceSchemaLocation="https://maven.apache.org/surefire/maven-surefire-plugin/xsd/surefire-test-report.xsd" name="uoa.assignment.character.CharacterTests" time="0.025" tests="1" errors="0" skipped="0" failures="0">[m
   <properties>[m
[31m-    <property name="java.specification.version" value="21"/>[m
[31m-    <property name="sun.cpu.isalist" value="amd64"/>[m
[31m-    <property name="sun.jnu.encoding" value="GBK"/>[m
[31m-    <property name="java.class.path" value="D:\Desktop\JC2002 â€“ Java Programming\JC2002-Java-Programming---Game\assignment\target\test-classes;D:\Desktop\JC2002 â€“ Java Programming\JC2002-Java-Programming---Game\assignment\target\classes;C:\Users\Jimmy\.m2\repository\junit\junit\4.11\junit-4.11.jar;C:\Users\Jimmy\.m2\repository\org\hamcrest\hamcrest-core\1.3\hamcrest-core-1.3.jar;"/>[m
[31m-    <property name="java.vm.vendor" value="Oracle Corporation"/>[m
[32m+[m[32m    <property name="awt.toolkit" value="sun.awt.X11.XToolkit"/>[m
[32m+[m[32m    <property name="java.specification.version" value="11"/>[m
[32m+[m[32m    <property name="sun.cpu.isalist" value=""/>[m
[32m+[m[32m    <property name="sun.jnu.encoding" value="UTF-8"/>[m
[32m+[m[32m    <property name="java.class.path" value="/home/codio/workspace/assignment/target/test-classes:/home/codio/workspace/assignment/target/classes:/home/codio/.m2/repository/junit/junit/4.11/junit-4.11.jar:/home/codio/.m2/repository/org/hamcrest/hamcrest-core/1.3/hamcrest-core-1.3.jar:"/>[m
[32m+[m[32m    <property name="java.vm.vendor" value="Ubuntu"/>[m
     <property name="sun.arch.data.model" value="64"/>[m
[31m-    <property name="user.variant" value=""/>[m
[31m-    <property name="java.vendor.url" value="https://java.oracle.com/"/>[m
[31m-    <property name="user.timezone" value="Asia/Hong_Kong"/>[m
[31m-    <property name="os.name" value="Windows 11"/>[m
[31m-    <property name="java.vm.specification.version" value="21"/>[m
[32m+[m[32m    <property name="java.vendor.url" value="https://ubuntu.com/"/>[m
[32m+[m[32m    <property name="user.timezone" value=""/>[m
[32m+[m[32m    <property name="java.vm.specification.version" value="11"/>[m
[32m+[m[32m    <property name="os.name" value="Linux"/>[m
     <property name="sun.java.launcher" value="SUN_STANDARD"/>[m
[31m-    <property name="user.country" value="CN"/>[m
[31m-    <property name="sun.boot.library.path" value="D:\Devlopment\jdk\Java\jdk-21\bin"/>[m
[31m-    <property name="sun.java.command" value="C:\Users\Jimmy\AppData\Local\Temp\surefire7265461046984916366\surefirebooter9493542754073623797.jar C:\Users\Jimmy\AppData\Local\Temp\surefire7265461046984916366 2023-12-06T18-46-46_527-jvmRun1 surefire6413137655944012053tmp surefire_014199081585694501069tmp"/>[m
[32m+[m[32m    <property name="user.country" value="US"/>[m
[32m+[m[32m    <property name="sun.boot.library.path" value="/usr/lib/jvm/java-11-openjdk-amd64/lib"/>[m
[32m+[m[32m    <property name="sun.java.command" value="/home/codio/workspace/assignment/target/surefire/surefirebooter6087265032053882321.jar /home/codio/workspace/assignment/target/surefire 2023-12-04T10-55-15_274-jvmRun1 surefire9661602022149162340tmp surefire_039710373152423610tmp"/>[m
     <property name="jdk.debug" value="release"/>[m
[31m-    <property name="surefire.test.class.path" value="D:\Desktop\JC2002 â€“ Java Programming\JC2002-Java-Programming---Game\assignment\target\test-classes;D:\Desktop\JC2002 â€“ Java Programming\JC2002-Java-Programming---Game\assignment\target\classes;C:\Users\Jimmy\.m2\repository\junit\junit\4.11\junit-4.11.jar;C:\Users\Jimmy\.m2\repository\org\hamcrest\hamcrest-core\1.3\hamcrest-core-1.3.jar;"/>[m
[32m+[m[32m    <property name="surefire.test.class.path" value="/home/codio/workspace/assignment/target/test-classes:/home/codio/workspace/assignment/target/classes:/home/codio/.m2/repository/junit/junit/4.11/junit-4.11.jar:/home/codio/.m2/repository/org/hamcrest/hamcrest-core/1.3/hamcrest-core-1.3.jar:"/>[m
     <property name="sun.cpu.endian" value="little"/>[m
[31m-    <property name="user.home" value="C:\Users\Jimmy"/>[m
[31m-    <property name="user.language" value="zh"/>[m
[32m+[m[32m    <property name="user.home" value="/home/codio"/>[m
[32m+[m[32m    <property name="user.language" value="en"/>[m
     <property name="java.specification.vendor" value="Oracle Corporation"/>[m
[31m-    <property name="java.version.date" value="2023-10-17"/>[m
[31m-    <property name="java.home" value="D:\Devlopment\jdk\Java\jdk-21"/>[m
[31m-    <property name="file.separator" value="\"/>[m
[31m-    <property name="basedir" value="D:\Desktop\JC2002 â€“ Java Programming\JC2002-Java-Programming---Game\assignment"/>[m
[31m-    <property name="java.vm.compressedOopsMode" value="Zero based"/>[m
[32m+[m[32m    <property name="java.version.date" value="2021-10-19"/>[m
[32m+[m[32m    <property name="java.home" value="/usr/lib/jvm/java-11-openjdk-amd64"/>[m
[32m+[m[32m    <property name="file.separator" value="/"/>[m
[32m+[m[32m    <property name="basedir" value="/home/codio/workspace/assignment"/>[m
[32m+[m[32m    <property name="java.vm.compressedOopsMode" value="32-bit"/>[m
     <property name="line.separator" value="&#10;"/>[m
[31m-    <property name="java.vm.specification.vendor" value="Oracle Corporation"/>[m
     <property name="java.specification.name" value="Java Platform API Specification"/>[m
[31m-    <property name="surefire.real.class.path" value="C:\Users\Jimmy\AppData\Local\Temp\surefire7265461046984916366\surefirebooter9493542754073623797.jar"/>[m
[31m-    <property name="user.script" value=""/>[m
[32m+[m[32m    <property name="java.vm.specification.vendor" value="Oracle Corporation"/>[m
[32m+[m[32m    <property name="java.awt.graphicsenv" value="sun.awt.X11GraphicsEnvironment"/>[m
[32m+[m[32m    <property name="surefire.real.class.path" value="/home/codio/workspace/assignment/target/surefire/surefirebooter6087265032053882321.jar"/>[m
     <property name="sun.management.compiler" value="HotSpot 64-Bit Tiered Compilers"/>[m
[31m-    <property name="java.runtime.version" value="21.0.1+12-LTS-29"/>[m
[31m-    <property name="user.name" value="Jimmy"/>[m
[31m-    <property name="stdout.encoding" value="GBK"/>[m
[31m-    <property name="path.separator" value=";"/>[m
[31m-    <property name="os.version" value="10.0"/>[m
[31m-    <property name="java.runtime.name" value="Java(TM) SE Runtime Environment"/>[m
[32m+[m[32m    <property name="java.runtime.version" value="11.0.13+8-Ubuntu-0ubuntu1.18.04"/>[m
[32m+[m[32m    <property name="user.name" value="codio"/>[m
[32m+[m[32m    <property name="path.separator" value=":"/>[m
[32m+[m[32m    <property name="os.version" value="5.19.0-1029-aws"/>[m
[32m+[m[32m    <property name="java.runtime.name" value="OpenJDK Runtime Environment"/>[m
     <property name="file.encoding" value="UTF-8"/>[m
[31m-    <property name="java.vm.name" value="Java HotSpot(TM) 64-Bit Server VM"/>[m
[31m-    <property name="localRepository" value="C:\Users\Jimmy\.m2\repository"/>[m
[31m-    <property name="java.vendor.url.bug" value="https://bugreport.java.com/bugreport/"/>[m
[31m-    <property name="java.io.tmpdir" value="C:\Users\Jimmy\AppData\Local\Temp\"/>[m
[31m-    <property name="java.version" value="21.0.1"/>[m
[31m-    <property name="user.dir" value="D:\Desktop\JC2002 â€“ Java Programming\JC2002-Java-Programming---Game\assignment"/>[m
[32m+[m[32m    <property name="java.vm.name" value="OpenJDK 64-Bit Server VM"/>[m
[32m+[m[32m    <property name="localRepository" value="/home/codio/.m2/repository"/>[m
[32m+[m[32m    <property name="java.vendor.url.bug" value="https://bugs.launchpad.net/ubuntu/+source/openjdk-lts"/>[m
[32m+[m[32m    <property name="java.io.tmpdir" value="/tmp"/>[m
[32m+[m[32m    <property name="java.version" value="11.0.13"/>[m
[32m+[m[32m    <property name="user.dir" value="/home/codio/workspace/assignment"/>[m
     <property name="os.arch" value="amd64"/>[m
     <property name="java.vm.specification.name" value="Java Virtual Machine Specification"/>[m
[31m-    <property name="sun.os.patch.level" value=""/>[m
[31m-    <property name="native.encoding" value="GBK"/>[m
[31m-    <property name="java.library.path" value="D:\Devlopment\jdk\Java\jdk-21\bin;C:\Windows\Sun\Java\bin;C:\Windows\system32;C:\Windows;D:\Program Files\MATLAB\R2020b\bin;D:\Devlopment\jdk\Java\jdk-21\bin;D:\Devlopment\nodejs\;C:\Program Files\Google\Chrome\Application\chrome.exe;D:\Program Files\Git\cmd;D:\Devlopment\python3.12;C:\WINDOWS\system32;D:\Devlopment\maven\apache-maven-3.9.6\bin;D:\Devlopment\python-virtualenv\venv\Scripts;D:\Program Files\MATLAB\R2020b\bin;D:\Devlopment\jdk\Java\jdk-21\bin;D:\Devlopment\nodejs\;C:\Program Files\Google\Chrome\Application\chrome.exe;D:\Program Files\Git\cmd;D:\Devlopment\python3.12;C:\WINDOWS\system32;D:\Devlopment\python3.12\Scripts\;D:\Devlopment\python3.12\;C:\Users\Jimmy\AppData\Local\Microsoft\WindowsApps;E:\Microsoft VS Code\bin;D:\Devlopment\Microsoft VS Code\bin;;D:\Devlopment\PyCharm 2023.2.4\bin;;C:\Users\Jimmy\AppData\Roaming\npm;D:\Development\python-virtualenv\venv;."/>[m
[32m+[m[32m    <property name="java.awt.printerjob" value="sun.print.PSPrinterJob"/>[m
[32m+[m[32m    <property name="sun.os.patch.level" value="unknown"/>[m
[32m+[m[32m    <property name="java.library.path" value="/usr/java/packages/lib:/usr/lib/x86_64-linux-gnu/jni:/lib/x86_64-linux-gnu:/usr/lib/x86_64-linux-gnu:/usr/lib/jni:/lib:/usr/lib"/>[m
     <property name="java.vm.info" value="mixed mode, sharing"/>[m
[31m-    <property name="stderr.encoding" value="GBK"/>[m
[31m-    <property name="java.vendor" value="Oracle Corporation"/>[m
[31m-    <property name="java.vm.version" value="21.0.1+12-LTS-29"/>[m
[32m+[m[32m    <property name="java.vendor" value="Ubuntu"/>[m
[32m+[m[32m    <property name="java.vm.version" value="11.0.13+8-Ubuntu-0ubuntu1.18.04"/>[m
     <property name="sun.io.unicode.encoding" value="UnicodeLittle"/>[m
[31m-    <property name="java.class.version" value="65.0"/>[m
[32m+[m[32m    <property name="java.class.version" value="55.0"/>[m
   </properties>[m
[31m-  <testcase name="checkMonsterClassFailedfulAttack" classname="uoa.assignment.character.CharacterTests" time="0.009"/>[m
[31m-  <testcase name="checkHealthFunctionality" classname="uoa.assignment.character.CharacterTests" time="0"/>[m
[31m-  <testcase name="checkIfMonsterDefenceLooksRandom" classname="uoa.assignment.character.CharacterTests" time="0.013"/>[m
[31m-  <testcase name="checkPlayerClassSuccesfulAttack" classname="uoa.assignment.character.CharacterTests" time="0.001"/>[m
[31m-  <testcase name="checkMonsterClassSuccesfulAttack" classname="uoa.assignment.character.CharacterTests" time="0.002"/>[m
[31m-  <testcase name="checkSayName" classname="uoa.assignment.character.CharacterTests" time="0.001"/>[m
[32m+[m[32m  <testcase name="checkSayName" classname="uoa.assignment.character.CharacterTests" time="0.003"/>[m
 </testsuite>[m
\ No newline at end of file[m
[1mdiff --git a/assignment/target/surefire-reports/TEST-uoa.assignment.game.GameTests.xml b/assignment/target/surefire-reports/TEST-uoa.assignment.game.GameTests.xml[m
[1mindex 82aab0c..68f344d 100644[m
[1m--- a/assignment/target/surefire-reports/TEST-uoa.assignment.game.GameTests.xml[m
[1m+++ b/assignment/target/surefire-reports/TEST-uoa.assignment.game.GameTests.xml[m
[36m@@ -1,5 +1,5 @@[m
 <?xml version="1.0" encoding="UTF-8"?>[m
[31m-<testsuite xmlns:xsi="http://www.w3.org/2001/XMLSchema-instance" xsi:noNamespaceSchemaLocation="https://maven.apache.org/surefire/maven-surefire-plugin/xsd/surefire-test-report.xsd" name="uoa.assignment.game.GameTests" time="0.003" tests="4" errors="0" skipped="0" failures="0">[m
[32m+[m[32m<testsuite xmlns:xsi="http://www.w3.org/2001/XMLSchema-instance" xsi:noNamespaceSchemaLocation="https://maven.apache.org/surefire/maven-surefire-plugin/xsd/surefire-test-report.xsd" name="uoa.assignment.game.GameTests" time="0.001" tests="2" errors="0" skipped="0" failures="0">[m
   <properties>[m
     <property name="java.specification.version" value="21"/>[m
     <property name="sun.cpu.isalist" value="amd64"/>[m
[36m@@ -15,7 +15,7 @@[m
     <property name="sun.java.launcher" value="SUN_STANDARD"/>[m
     <property name="user.country" value="CN"/>[m
     <property name="sun.boot.library.path" value="D:\Devlopment\jdk\Java\jdk-21\bin"/>[m
[31m-    <property name="sun.java.command" value="C:\Users\Jimmy\AppData\Local\Temp\surefire7265461046984916366\surefirebooter9493542754073623797.jar C:\Users\Jimmy\AppData\Local\Temp\surefire7265461046984916366 2023-12-06T18-46-46_527-jvmRun1 surefire6413137655944012053tmp surefire_014199081585694501069tmp"/>[m
[32m+[m[32m    <property name="sun.java.command" value="C:\Users\Jimmy\AppData\Local\Temp\surefire6504778326115456499\surefirebooter10278246037368150675.jar C:\Users\Jimmy\AppData\Local\Temp\surefire6504778326115456499 2023-12-05T23-58-36_633-jvmRun1 surefire889677466590468667tmp surefire_01875392137297228724tmp"/>[m
     <property name="jdk.debug" value="release"/>[m
     <property name="surefire.test.class.path" value="D:\Desktop\JC2002 â€“ Java Programming\JC2002-Java-Programming---Game\assignment\target\test-classes;D:\Desktop\JC2002 â€“ Java Programming\JC2002-Java-Programming---Game\assignment\target\classes;C:\Users\Jimmy\.m2\repository\junit\junit\4.11\junit-4.11.jar;C:\Users\Jimmy\.m2\repository\org\hamcrest\hamcrest-core\1.3\hamcrest-core-1.3.jar;"/>[m
     <property name="sun.cpu.endian" value="little"/>[m
[36m@@ -30,7 +30,7 @@[m
     <property name="line.separator" value="&#10;"/>[m
     <property name="java.vm.specification.vendor" value="Oracle Corporation"/>[m
     <property name="java.specification.name" value="Java Platform API Specification"/>[m
[31m-    <property name="surefire.real.class.path" value="C:\Users\Jimmy\AppData\Local\Temp\surefire7265461046984916366\surefirebooter9493542754073623797.jar"/>[m
[32m+[m[32m    <property name="surefire.real.class.path" value="C:\Users\Jimmy\AppData\Local\Temp\surefire6504778326115456499\surefirebooter10278246037368150675.jar"/>[m
     <property name="user.script" value=""/>[m
     <property name="sun.management.compiler" value="HotSpot 64-Bit Tiered Compilers"/>[m
     <property name="java.runtime.version" value="21.0.1+12-LTS-29"/>[m
[36m@@ -59,7 +59,5 @@[m
     <property name="java.class.version" value="65.0"/>[m
   </properties>[m
   <testcase name="checkCharactersArray" classname="uoa.assignment.game.GameTests" time="0"/>[m
[31m-  <testcase name="checkPlayerAndMonsterPositionInLayout" classname="uoa.assignment.game.GameTests" time="0"/>[m
   <testcase name="checkLayoutInitialization" classname="uoa.assignment.game.GameTests" time="0"/>[m
[31m-  <testcase name="checkPlayerAndMonsterPosition" classname="uoa.assignment.game.GameTests" time="0"/>[m
 </testsuite>[m
\ No newline at end of file[m
[1mdiff --git a/assignment/target/surefire-reports/uoa.assignment.character.CharacterTests.txt b/assignment/target/surefire-reports/uoa.assignment.character.CharacterTests.txt[m
[1mindex d11cc6f..2d7a3cd 100644[m
[1m--- a/assignment/target/surefire-reports/uoa.assignment.character.CharacterTests.txt[m
[1m+++ b/assignment/target/surefire-reports/uoa.assignment.character.CharacterTests.txt[m
[36m@@ -1,4 +1,4 @@[m
 -------------------------------------------------------------------------------[m
 Test set: uoa.assignment.character.CharacterTests[m
 -------------------------------------------------------------------------------[m
[31m-Tests run: 6, Failures: 0, Errors: 0, Skipped: 0, Time elapsed: 0.06 s - in uoa.assignment.character.CharacterTests[m
[32m+[m[32mTests run: 1, Failures: 0, Errors: 0, Skipped: 0, Time elapsed: 0.025 s - in uoa.assignment.character.CharacterTests[m
[1mdiff --git a/assignment/target/surefire-reports/uoa.assignment.game.GameTests.txt b/assignment/target/surefire-reports/uoa.assignment.game.GameTests.txt[m
[1mindex dbf059c..3970ad7 100644[m
[1m--- a/assignment/target/surefire-reports/uoa.assignment.game.GameTests.txt[m
[1m+++ b/assignment/target/surefire-reports/uoa.assignment.game.GameTests.txt[m
[36m@@ -1,4 +1,4 @@[m
 -------------------------------------------------------------------------------[m
 Test set: uoa.assignment.game.GameTests[m
 -------------------------------------------------------------------------------[m
[31m-Tests run: 4, Failures: 0, Errors: 0, Skipped: 0, Time elapsed: 0.003 s - in uoa.assignment.game.GameTests[m
[32m+[m[32mTests run: 2, Failures: 0, Errors: 0, Skipped: 0, Time elapsed: 0.001 s - in uoa.assignment.game.GameTests[m
[1mdiff --git a/assignment/target/test-classes/uoa/assignment/character/CharacterTests$1TestImplementation.class b/assignment/target/test-classes/uoa/assignment/character/CharacterTests$1TestImplementation.class[m
[1mindex 31b2033..eedec04 100644[m
Binary files a/assignment/target/test-classes/uoa/assignment/character/CharacterTests$1TestImplementation.class and b/assignment/target/test-classes/uoa/assignment/character/CharacterTests$1TestImplementation.class differ
[1mdiff --git a/assignment/target/test-classes/uoa/assignment/character/CharacterTests.class b/assignment/target/test-classes/uoa/assignment/character/CharacterTests.class[m
[1mindex ac63c02..74a952f 100644[m
Binary files a/assignment/target/test-classes/uoa/assignment/character/CharacterTests.class and b/assignment/target/test-classes/uoa/assignment/character/CharacterTests.class differ
[1mdiff --git a/assignment/target/test-classes/uoa/assignment/game/GameTests.class b/assignment/target/test-classes/uoa/assignment/game/GameTests.class[m
[1mindex 13fb137..5c6d354 100644[m
Binary files a/assignment/target/test-classes/uoa/assignment/game/GameTests.class and b/assignment/target/test-classes/uoa/assignment/game/GameTests.class differ
